Using pre-set license
Built from '2020.3/staging' branch; Version is '2020.3.11f1 (99c7afb366b3) revision 10078127'; Using compiler version '192528614'; Build Type 'Release'
OS: 'Windows 10 Pro; OS build 19041.1083; Version 2004; 64bit' Language: 'en' Physical Memory: 8151 MB
BatchMode: 1, IsHumanControllingUs: 0, StartBugReporterOnCrash: 0, Is64bit: 1, IsPro: 0

 COMMAND LINE ARGUMENTS:
D:\Program Files\Unity\2020.3.11f1\Editor\Unity.exe
-adb2
-batchMode
-noUpm
-name
AssetImportWorker1
-projectPath
D:/Unity Projects/Breakout-Prototype/Breakout Prototype
-logFile
Logs/AssetImportWorker1.log
-srvPort
5482
Successfully changed project path to: D:/Unity Projects/Breakout-Prototype/Breakout Prototype
D:/Unity Projects/Breakout-Prototype/Breakout Prototype
Using Asset Import Pipeline V2.
Refreshing native plugins compatible for Editor in 61.10 ms, found 2 plugins.
Preloading 0 native plugins for Editor in 0.00 ms.
Initialize engine version: 2020.3.11f1 (99c7afb366b3)
[Subsystems] Discovering subsystems at path D:/Program Files/Unity/2020.3.11f1/Editor/Data/Resources/UnitySubsystems
[Subsystems] Discovering subsystems at path D:/Unity Projects/Breakout-Prototype/Breakout Prototype/Assets
GfxDevice: creating device client; threaded=0
Direct3D:
    Version:  Direct3D 11.0 [level 11.1]
    Renderer: NVIDIA GeForce GTX 1070 (ID=0x1b81)
    Vendor:   
    VRAM:     8088 MB
    Driver:   27.21.14.5671
Initialize mono
Mono path[0] = 'D:/Program Files/Unity/2020.3.11f1/Editor/Data/Managed'
Mono path[1] = 'D:/Program Files/Unity/2020.3.11f1/Editor/Data/MonoBleedingEdge/lib/mono/unityjit'
Mono config path = 'D:/Program Files/Unity/2020.3.11f1/Editor/Data/MonoBleedingEdge/etc'
Using monoOptions --debugger-agent=transport=dt_socket,embedding=1,server=y,suspend=n,address=127.0.0.1:56876
Begin MonoManager ReloadAssembly
Registering precompiled unity dll's ...
Register platform support module: D:/Program Files/Unity/2020.3.11f1/Editor/Data/PlaybackEngines/WebGLSupport/UnityEditor.WebGL.Extensions.dll
Register platform support module: D:/Program Files/Unity/2020.3.11f1/Editor/Data/PlaybackEngines/WindowsStandaloneSupport/UnityEditor.WindowsStandalone.Extensions.dll
Registered in 0.002556 seconds.
Native extension for WindowsStandalone target not found
Native extension for WebGL target not found
Refreshing native plugins compatible for Editor in 62.28 ms, found 2 plugins.
Preloading 0 native plugins for Editor in 0.00 ms.
Mono: successfully reloaded assembly
- Completed reload, in  3.901 seconds
Platform modules already initialized, skipping
Registering precompiled user dll's ...
Registered in 0.005381 seconds.
Begin MonoManager ReloadAssembly
Native extension for WindowsStandalone target not found
Native extension for WebGL target not found
Refreshing native plugins compatible for Editor in 0.54 ms, found 2 plugins.
Preloading 0 native plugins for Editor in 0.00 ms.
Mono: successfully reloaded assembly
- Completed reload, in  1.986 seconds
Platform modules already initialized, skipping
========================================================================
Worker process is ready to serve import requests
Launched and connected shader compiler UnityShaderCompiler.exe after 0.09 seconds
Refreshing native plugins compatible for Editor in 0.54 ms, found 2 plugins.
Preloading 0 native plugins for Editor in 0.00 ms.
Unloading 1502 Unused Serialized files (Serialized files now loaded: 0)
System memory in use before: 71.1 MB.
System memory in use after: 71.1 MB.

Unloading 19 unused Assets to reduce memory usage. Loaded Objects now: 1937.
Total: 3.991700 ms (FindLiveObjects: 0.205000 ms CreateObjectMapping: 0.096400 ms MarkObjects: 3.550600 ms  DeleteObjects: 0.137500 ms)

========================================================================
Received Import Request.
  path: Assets/Scripts/Data/Editor/LevelsDatabaseEditor.cs
  artifactKey: Guid(8f4db687aff3d3b4fa8db3093a566ad8) Importer(815301076,1909f56bfc062723c751e8b465ee728b)
Start importing Assets/Scripts/Data/Editor/LevelsDatabaseEditor.cs using Guid(8f4db687aff3d3b4fa8db3093a566ad8) Importer(815301076,1909f56bfc062723c751e8b465ee728b)  -> (artifact id: '2fdbf23a5b606d706a1f10f11ac8c42e') in 0.072045 seconds
  Import took 0.076786 seconds .

========================================================================
Received Import Request.
  Time since last request: 14.828689 seconds.
  path: Assets/Scripts/Data/Editor/LevelsDatabaseEditor.cs
  artifactKey: Guid(8f4db687aff3d3b4fa8db3093a566ad8) Importer(815301076,1909f56bfc062723c751e8b465ee728b)
Start importing Assets/Scripts/Data/Editor/LevelsDatabaseEditor.cs using Guid(8f4db687aff3d3b4fa8db3093a566ad8) Importer(815301076,1909f56bfc062723c751e8b465ee728b)  -> (artifact id: '4dd21677583d99bf2b57b6329d1cf685') in 0.009830 seconds
  Import took 0.015411 seconds .

========================================================================
Received Import Request.
  Time since last request: 9.455821 seconds.
  path: Assets/Scripts/Data/Editor/LevelsDatabaseEditor.cs
  artifactKey: Guid(8f4db687aff3d3b4fa8db3093a566ad8) Importer(815301076,1909f56bfc062723c751e8b465ee728b)
Start importing Assets/Scripts/Data/Editor/LevelsDatabaseEditor.cs using Guid(8f4db687aff3d3b4fa8db3093a566ad8) Importer(815301076,1909f56bfc062723c751e8b465ee728b)  -> (artifact id: '36135dec5df5fffeea7cc1e349d243b4') in 0.007375 seconds
  Import took 0.011818 seconds .

========================================================================
Received Import Request.
  Time since last request: 4.572101 seconds.
  path: Assets/Scripts/Data/Editor/LevelsDatabaseEditor.cs
  artifactKey: Guid(8f4db687aff3d3b4fa8db3093a566ad8) Importer(815301076,1909f56bfc062723c751e8b465ee728b)
Start importing Assets/Scripts/Data/Editor/LevelsDatabaseEditor.cs using Guid(8f4db687aff3d3b4fa8db3093a566ad8) Importer(815301076,1909f56bfc062723c751e8b465ee728b)  -> (artifact id: '3a6aab67e7430d3a72af2d28bafb1ab5') in 0.006777 seconds
  Import took 0.011890 seconds .

========================================================================
Received Prepare
Registering precompiled user dll's ...
Registered in 0.005742 seconds.
Begin MonoManager ReloadAssembly
Native extension for WindowsStandalone target not found
Native extension for WebGL target not found
Refreshing native plugins compatible for Editor in 1.16 ms, found 2 plugins.
Preloading 0 native plugins for Editor in 0.00 ms.
Mono: successfully reloaded assembly
- Completed reload, in  2.015 seconds
Platform modules already initialized, skipping
Refreshing native plugins compatible for Editor in 0.56 ms, found 2 plugins.
Preloading 0 native plugins for Editor in 0.00 ms.
Unloading 1482 Unused Serialized files (Serialized files now loaded: 0)
System memory in use before: 69.6 MB.
System memory in use after: 69.7 MB.

Unloading 14 unused Assets to reduce memory usage. Loaded Objects now: 1939.
Total: 2.888200 ms (FindLiveObjects: 0.230600 ms CreateObjectMapping: 0.096800 ms MarkObjects: 2.474100 ms  DeleteObjects: 0.085000 ms)

========================================================================
Received Import Request.
  Time since last request: 13.675015 seconds.
  path: Assets/Scripts/Data/Editor/LevelsDatabaseEditor.cs
  artifactKey: Guid(8f4db687aff3d3b4fa8db3093a566ad8) Importer(815301076,1909f56bfc062723c751e8b465ee728b)
Start importing Assets/Scripts/Data/Editor/LevelsDatabaseEditor.cs using Guid(8f4db687aff3d3b4fa8db3093a566ad8) Importer(815301076,1909f56bfc062723c751e8b465ee728b)  -> (artifact id: '5905827be7b78d83e06237821847eade') in 0.009302 seconds
  Import took 0.019812 seconds .

========================================================================
Received Prepare
Registering precompiled user dll's ...
Registered in 0.008275 seconds.
Begin MonoManager ReloadAssembly
Native extension for WindowsStandalone target not found
Native extension for WebGL target not found
Refreshing native plugins compatible for Editor in 0.54 ms, found 2 plugins.
Preloading 0 native plugins for Editor in 0.00 ms.
Mono: successfully reloaded assembly
- Completed reload, in  1.787 seconds
Platform modules already initialized, skipping
Refreshing native plugins compatible for Editor in 0.52 ms, found 2 plugins.
Preloading 0 native plugins for Editor in 0.00 ms.
Unloading 1482 Unused Serialized files (Serialized files now loaded: 0)
System memory in use before: 69.6 MB.
System memory in use after: 69.7 MB.

Unloading 14 unused Assets to reduce memory usage. Loaded Objects now: 1941.
Total: 2.823700 ms (FindLiveObjects: 0.219400 ms CreateObjectMapping: 0.094200 ms MarkObjects: 2.419200 ms  DeleteObjects: 0.089200 ms)

========================================================================
Received Import Request.
  Time since last request: 43.273871 seconds.
  path: Assets/Scripts/Data/Editor/LevelsDatabaseEditor.cs
  artifactKey: Guid(8f4db687aff3d3b4fa8db3093a566ad8) Importer(815301076,1909f56bfc062723c751e8b465ee728b)
Start importing Assets/Scripts/Data/Editor/LevelsDatabaseEditor.cs using Guid(8f4db687aff3d3b4fa8db3093a566ad8) Importer(815301076,1909f56bfc062723c751e8b465ee728b)  -> (artifact id: '07b991817f487d5dcc62f91493fbf0dd') in 0.009865 seconds
  Import took 0.013488 seconds .

========================================================================
Received Prepare
Registering precompiled user dll's ...
Registered in 0.015931 seconds.
Begin MonoManager ReloadAssembly
Native extension for WindowsStandalone target not found
Native extension for WebGL target not found
Refreshing native plugins compatible for Editor in 0.72 ms, found 2 plugins.
Preloading 0 native plugins for Editor in 0.00 ms.
Mono: successfully reloaded assembly
- Completed reload, in  1.650 seconds
Platform modules already initialized, skipping
Refreshing native plugins compatible for Editor in 0.53 ms, found 2 plugins.
Preloading 0 native plugins for Editor in 0.00 ms.
Unloading 1482 Unused Serialized files (Serialized files now loaded: 0)
System memory in use before: 69.6 MB.
System memory in use after: 69.7 MB.

Unloading 14 unused Assets to reduce memory usage. Loaded Objects now: 1943.
Total: 2.995900 ms (FindLiveObjects: 0.185600 ms CreateObjectMapping: 0.086500 ms MarkObjects: 2.634500 ms  DeleteObjects: 0.086900 ms)

========================================================================
Received Import Request.
  Time since last request: 29.048869 seconds.
  path: Assets/Scripts/Data/Editor/LevelsDatabaseEditor.cs
  artifactKey: Guid(8f4db687aff3d3b4fa8db3093a566ad8) Importer(815301076,1909f56bfc062723c751e8b465ee728b)
Start importing Assets/Scripts/Data/Editor/LevelsDatabaseEditor.cs using Guid(8f4db687aff3d3b4fa8db3093a566ad8) Importer(815301076,1909f56bfc062723c751e8b465ee728b)  -> (artifact id: '7b60ed9e4e80104bdaef71b0c9392fe7') in 0.009704 seconds
  Import took 0.013466 seconds .

========================================================================
Received Prepare
Registering precompiled user dll's ...
Registered in 0.006241 seconds.
Begin MonoManager ReloadAssembly
Native extension for WindowsStandalone target not found
Native extension for WebGL target not found
Refreshing native plugins compatible for Editor in 0.52 ms, found 2 plugins.
Preloading 0 native plugins for Editor in 0.00 ms.
Mono: successfully reloaded assembly
- Completed reload, in  1.636 seconds
Platform modules already initialized, skipping
Refreshing native plugins compatible for Editor in 0.53 ms, found 2 plugins.
Preloading 0 native plugins for Editor in 0.00 ms.
Unloading 1482 Unused Serialized files (Serialized files now loaded: 0)
System memory in use before: 69.6 MB.
System memory in use after: 69.7 MB.

Unloading 14 unused Assets to reduce memory usage. Loaded Objects now: 1945.
Total: 3.027100 ms (FindLiveObjects: 0.209200 ms CreateObjectMapping: 0.097000 ms MarkObjects: 2.631500 ms  DeleteObjects: 0.087900 ms)

========================================================================
Received Import Request.
  Time since last request: 20.398439 seconds.
  path: Assets/Scripts/Data/Editor/LevelsDatabaseEditor.cs
  artifactKey: Guid(8f4db687aff3d3b4fa8db3093a566ad8) Importer(815301076,1909f56bfc062723c751e8b465ee728b)
Start importing Assets/Scripts/Data/Editor/LevelsDatabaseEditor.cs using Guid(8f4db687aff3d3b4fa8db3093a566ad8) Importer(815301076,1909f56bfc062723c751e8b465ee728b)  -> (artifact id: '1485cc2773e13bfedb97a9604c7e5cfb') in 0.020796 seconds
  Import took 0.024585 seconds .

========================================================================
Received Import Request.
  Time since last request: 0.006279 seconds.
  path: Assets/Scripts/Data/Editor/LevelsDatabaseEditor.cs
  artifactKey: Guid(8f4db687aff3d3b4fa8db3093a566ad8) Importer(815301076,1909f56bfc062723c751e8b465ee728b)
Start importing Assets/Scripts/Data/Editor/LevelsDatabaseEditor.cs using Guid(8f4db687aff3d3b4fa8db3093a566ad8) Importer(815301076,1909f56bfc062723c751e8b465ee728b)  -> (artifact id: '1485cc2773e13bfedb97a9604c7e5cfb') in 0.004115 seconds
  Import took 0.007536 seconds .

========================================================================
Received Prepare
Registering precompiled user dll's ...
Registered in 0.005349 seconds.
Begin MonoManager ReloadAssembly
Native extension for WindowsStandalone target not found
Native extension for WebGL target not found
Refreshing native plugins compatible for Editor in 0.57 ms, found 2 plugins.
Preloading 0 native plugins for Editor in 0.00 ms.
Mono: successfully reloaded assembly
- Completed reload, in  1.956 seconds
Platform modules already initialized, skipping
Refreshing native plugins compatible for Editor in 0.55 ms, found 2 plugins.
Preloading 0 native plugins for Editor in 0.00 ms.
Unloading 1482 Unused Serialized files (Serialized files now loaded: 0)
System memory in use before: 69.6 MB.
System memory in use after: 69.7 MB.

Unloading 14 unused Assets to reduce memory usage. Loaded Objects now: 1947.
Total: 2.994700 ms (FindLiveObjects: 0.208200 ms CreateObjectMapping: 0.092400 ms MarkObjects: 2.605200 ms  DeleteObjects: 0.087200 ms)

========================================================================
Received Import Request.
  Time since last request: 7.851555 seconds.
  path: Assets/Scripts/Data/Editor/LevelsDatabaseEditor.cs
  artifactKey: Guid(8f4db687aff3d3b4fa8db3093a566ad8) Importer(815301076,1909f56bfc062723c751e8b465ee728b)
Start importing Assets/Scripts/Data/Editor/LevelsDatabaseEditor.cs using Guid(8f4db687aff3d3b4fa8db3093a566ad8) Importer(815301076,1909f56bfc062723c751e8b465ee728b)  -> (artifact id: 'ddcf3b2a3f81ae1e5d392744ef94fea3') in 0.009060 seconds
  Import took 0.013453 seconds .

========================================================================
Received Prepare
Registering precompiled user dll's ...
Registered in 0.005314 seconds.
Begin MonoManager ReloadAssembly
Native extension for WindowsStandalone target not found
Native extension for WebGL target not found
Refreshing native plugins compatible for Editor in 0.54 ms, found 2 plugins.
Preloading 0 native plugins for Editor in 0.00 ms.
Mono: successfully reloaded assembly
- Completed reload, in  1.628 seconds
Platform modules already initialized, skipping
Refreshing native plugins compatible for Editor in 0.54 ms, found 2 plugins.
Preloading 0 native plugins for Editor in 0.00 ms.
Unloading 1482 Unused Serialized files (Serialized files now loaded: 0)
System memory in use before: 69.6 MB.
System memory in use after: 69.7 MB.

Unloading 14 unused Assets to reduce memory usage. Loaded Objects now: 1949.
Total: 2.731700 ms (FindLiveObjects: 0.182700 ms CreateObjectMapping: 0.100500 ms MarkObjects: 2.363200 ms  DeleteObjects: 0.083900 ms)

========================================================================
Received Import Request.
  Time since last request: 52.524922 seconds.
  path: Assets/Scripts/Data/Editor/LevelsDatabaseEditor.cs
  artifactKey: Guid(8f4db687aff3d3b4fa8db3093a566ad8) Importer(815301076,1909f56bfc062723c751e8b465ee728b)
Start importing Assets/Scripts/Data/Editor/LevelsDatabaseEditor.cs using Guid(8f4db687aff3d3b4fa8db3093a566ad8) Importer(815301076,1909f56bfc062723c751e8b465ee728b)  -> (artifact id: '3a893d24fdba8d7a65313c5bd8ecd7df') in 0.008937 seconds
  Import took 0.012381 seconds .

========================================================================
Received Prepare
Registering precompiled user dll's ...
Registered in 0.006208 seconds.
Begin MonoManager ReloadAssembly
Native extension for WindowsStandalone target not found
Native extension for WebGL target not found
Refreshing native plugins compatible for Editor in 0.53 ms, found 2 plugins.
Preloading 0 native plugins for Editor in 0.00 ms.
Mono: successfully reloaded assembly
- Completed reload, in  2.119 seconds
Platform modules already initialized, skipping
Refreshing native plugins compatible for Editor in 0.53 ms, found 2 plugins.
Preloading 0 native plugins for Editor in 0.00 ms.
Unloading 1482 Unused Serialized files (Serialized files now loaded: 0)
System memory in use before: 69.7 MB.
System memory in use after: 69.7 MB.

Unloading 14 unused Assets to reduce memory usage. Loaded Objects now: 1951.
Total: 2.953100 ms (FindLiveObjects: 0.192000 ms CreateObjectMapping: 0.084200 ms MarkObjects: 2.588500 ms  DeleteObjects: 0.086200 ms)

========================================================================
Received Import Request.
  Time since last request: 84.414339 seconds.
  path: Assets/Scripts/Data/Editor/LevelsDatabaseEditor.cs
  artifactKey: Guid(8f4db687aff3d3b4fa8db3093a566ad8) Importer(815301076,1909f56bfc062723c751e8b465ee728b)
Start importing Assets/Scripts/Data/Editor/LevelsDatabaseEditor.cs using Guid(8f4db687aff3d3b4fa8db3093a566ad8) Importer(815301076,1909f56bfc062723c751e8b465ee728b)  -> (artifact id: '0c885ff156758a17326814bc8aa064f4') in 0.014773 seconds
  Import took 0.019908 seconds .

========================================================================
Received Import Request.
  Time since last request: 1.773222 seconds.
  path: Assets/Scripts/Data/Editor/LevelsDatabaseEditor.cs
  artifactKey: Guid(8f4db687aff3d3b4fa8db3093a566ad8) Importer(815301076,1909f56bfc062723c751e8b465ee728b)
Start importing Assets/Scripts/Data/Editor/LevelsDatabaseEditor.cs using Guid(8f4db687aff3d3b4fa8db3093a566ad8) Importer(815301076,1909f56bfc062723c751e8b465ee728b)  -> (artifact id: '6a9329d5e16937da3d89ddc37621170d') in 0.006398 seconds
  Import took 0.011803 seconds .

========================================================================
Received Prepare
Registering precompiled user dll's ...
Registered in 0.007373 seconds.
Begin MonoManager ReloadAssembly
Native extension for WindowsStandalone target not found
Native extension for WebGL target not found
Refreshing native plugins compatible for Editor in 0.67 ms, found 2 plugins.
Preloading 0 native plugins for Editor in 0.00 ms.
Mono: successfully reloaded assembly
- Completed reload, in  2.499 seconds
Platform modules already initialized, skipping
Refreshing native plugins compatible for Editor in 0.56 ms, found 2 plugins.
Preloading 0 native plugins for Editor in 0.00 ms.
Unloading 1482 Unused Serialized files (Serialized files now loaded: 0)
System memory in use before: 69.7 MB.
System memory in use after: 69.7 MB.

Unloading 14 unused Assets to reduce memory usage. Loaded Objects now: 1953.
Total: 2.798000 ms (FindLiveObjects: 0.203800 ms CreateObjectMapping: 0.092600 ms MarkObjects: 2.415700 ms  DeleteObjects: 0.084300 ms)

========================================================================
Received Prepare
Registering precompiled user dll's ...
Registered in 0.006462 seconds.
Begin MonoManager ReloadAssembly
Native extension for WindowsStandalone target not found
Native extension for WebGL target not found
Refreshing native plugins compatible for Editor in 0.60 ms, found 2 plugins.
Preloading 0 native plugins for Editor in 0.00 ms.
Mono: successfully reloaded assembly
- Completed reload, in  2.061 seconds
Platform modules already initialized, skipping
Refreshing native plugins compatible for Editor in 0.61 ms, found 2 plugins.
Preloading 0 native plugins for Editor in 0.00 ms.
Unloading 1483 Unused Serialized files (Serialized files now loaded: 0)
System memory in use before: 69.7 MB.
System memory in use after: 69.8 MB.

Unloading 14 unused Assets to reduce memory usage. Loaded Objects now: 1956.
Total: 2.971900 ms (FindLiveObjects: 0.276000 ms CreateObjectMapping: 0.093500 ms MarkObjects: 2.504600 ms  DeleteObjects: 0.095700 ms)

========================================================================
Received Import Request.
  Time since last request: 99.753165 seconds.
  path: Assets/Scripts/Data/Editor/LevelsDatabaseEditor.cs
  artifactKey: Guid(8f4db687aff3d3b4fa8db3093a566ad8) Importer(815301076,1909f56bfc062723c751e8b465ee728b)
Start importing Assets/Scripts/Data/Editor/LevelsDatabaseEditor.cs using Guid(8f4db687aff3d3b4fa8db3093a566ad8) Importer(815301076,1909f56bfc062723c751e8b465ee728b)  -> (artifact id: 'e3f7fe357d31b919b348df6e4e458113') in 0.008413 seconds
  Import took 0.013797 seconds .

========================================================================
Received Prepare
Registering precompiled user dll's ...
Registered in 0.005983 seconds.
Begin MonoManager ReloadAssembly
Native extension for WindowsStandalone target not found
Native extension for WebGL target not found
Refreshing native plugins compatible for Editor in 0.61 ms, found 2 plugins.
Preloading 0 native plugins for Editor in 0.00 ms.
Mono: successfully reloaded assembly
- Completed reload, in  2.045 seconds
Platform modules already initialized, skipping
Refreshing native plugins compatible for Editor in 0.55 ms, found 2 plugins.
Preloading 0 native plugins for Editor in 0.00 ms.
Unloading 1483 Unused Serialized files (Serialized files now loaded: 0)
System memory in use before: 69.7 MB.
System memory in use after: 69.8 MB.

Unloading 14 unused Assets to reduce memory usage. Loaded Objects now: 1958.
Total: 2.861900 ms (FindLiveObjects: 0.205800 ms CreateObjectMapping: 0.093200 ms MarkObjects: 2.476200 ms  DeleteObjects: 0.085100 ms)

========================================================================
Received Import Request.
  Time since last request: 39.026820 seconds.
  path: Assets/Scripts/Data/Editor/LevelsDatabaseEditor.cs
  artifactKey: Guid(8f4db687aff3d3b4fa8db3093a566ad8) Importer(815301076,1909f56bfc062723c751e8b465ee728b)
Start importing Assets/Scripts/Data/Editor/LevelsDatabaseEditor.cs using Guid(8f4db687aff3d3b4fa8db3093a566ad8) Importer(815301076,1909f56bfc062723c751e8b465ee728b)  -> (artifact id: 'af62f0dc5754ffe1d090537e525e9d7e') in 0.012655 seconds
  Import took 0.021632 seconds .

========================================================================
Received Import Request.
  Time since last request: 38.588042 seconds.
  path: Assets/Scripts/Data/Editor/LevelsDatabaseEditor.cs
  artifactKey: Guid(8f4db687aff3d3b4fa8db3093a566ad8) Importer(815301076,1909f56bfc062723c751e8b465ee728b)
Start importing Assets/Scripts/Data/Editor/LevelsDatabaseEditor.cs using Guid(8f4db687aff3d3b4fa8db3093a566ad8) Importer(815301076,1909f56bfc062723c751e8b465ee728b)  -> (artifact id: 'dd8e58776cab0e958b8199b1480cff0f') in 0.004703 seconds
  Import took 0.011379 seconds .

========================================================================
Received Prepare
Registering precompiled user dll's ...
Registered in 0.005791 seconds.
Begin MonoManager ReloadAssembly
Native extension for WindowsStandalone target not found
Native extension for WebGL target not found
Refreshing native plugins compatible for Editor in 0.57 ms, found 2 plugins.
Preloading 0 native plugins for Editor in 0.00 ms.
Mono: successfully reloaded assembly
- Completed reload, in  2.069 seconds
Platform modules already initialized, skipping
Refreshing native plugins compatible for Editor in 0.58 ms, found 2 plugins.
Preloading 0 native plugins for Editor in 0.00 ms.
Unloading 1483 Unused Serialized files (Serialized files now loaded: 0)
System memory in use before: 69.7 MB.
System memory in use after: 69.8 MB.

Unloading 14 unused Assets to reduce memory usage. Loaded Objects now: 1960.
Total: 3.147400 ms (FindLiveObjects: 0.204300 ms CreateObjectMapping: 0.092600 ms MarkObjects: 2.756900 ms  DeleteObjects: 0.091600 ms)

========================================================================
Received Import Request.
  Time since last request: 7.950238 seconds.
  path: Assets/Scripts/Data/Editor/LevelsDatabaseEditor.cs
  artifactKey: Guid(8f4db687aff3d3b4fa8db3093a566ad8) Importer(815301076,1909f56bfc062723c751e8b465ee728b)
Start importing Assets/Scripts/Data/Editor/LevelsDatabaseEditor.cs using Guid(8f4db687aff3d3b4fa8db3093a566ad8) Importer(815301076,1909f56bfc062723c751e8b465ee728b)  -> (artifact id: 'a4caf89d6b1dc52a2d9481e4814512e7') in 0.007978 seconds
  Import took 0.011174 seconds .

========================================================================
Received Prepare
Registering precompiled user dll's ...
Registered in 0.006530 seconds.
Begin MonoManager ReloadAssembly
Native extension for WindowsStandalone target not found
Native extension for WebGL target not found
Refreshing native plugins compatible for Editor in 0.55 ms, found 2 plugins.
Preloading 0 native plugins for Editor in 0.00 ms.
Mono: successfully reloaded assembly
- Completed reload, in  2.176 seconds
Platform modules already initialized, skipping
Refreshing native plugins compatible for Editor in 0.56 ms, found 2 plugins.
Preloading 0 native plugins for Editor in 0.00 ms.
Unloading 1483 Unused Serialized files (Serialized files now loaded: 0)
System memory in use before: 69.7 MB.
System memory in use after: 69.8 MB.

Unloading 14 unused Assets to reduce memory usage. Loaded Objects now: 1962.
Total: 3.580800 ms (FindLiveObjects: 0.259700 ms CreateObjectMapping: 0.095600 ms MarkObjects: 3.029500 ms  DeleteObjects: 0.193900 ms)

========================================================================
Received Import Request.
  Time since last request: 76.410144 seconds.
  path: Assets/Scripts/Data/Editor/LevelsDatabaseEditor.cs
  artifactKey: Guid(8f4db687aff3d3b4fa8db3093a566ad8) Importer(815301076,1909f56bfc062723c751e8b465ee728b)
Start importing Assets/Scripts/Data/Editor/LevelsDatabaseEditor.cs using Guid(8f4db687aff3d3b4fa8db3093a566ad8) Importer(815301076,1909f56bfc062723c751e8b465ee728b)  -> (artifact id: '70b1d39dcf3d09a7549d54a263342b4f') in 0.020634 seconds
  Import took 0.024485 seconds .

========================================================================
Received Prepare
Registering precompiled user dll's ...
Registered in 0.012339 seconds.
Begin MonoManager ReloadAssembly
Native extension for WindowsStandalone target not found
Native extension for WebGL target not found
Refreshing native plugins compatible for Editor in 0.93 ms, found 2 plugins.
Preloading 0 native plugins for Editor in 0.00 ms.
Mono: successfully reloaded assembly
- Completed reload, in  2.143 seconds
Platform modules already initialized, skipping
Refreshing native plugins compatible for Editor in 0.68 ms, found 2 plugins.
Preloading 0 native plugins for Editor in 0.00 ms.
Unloading 1483 Unused Serialized files (Serialized files now loaded: 0)
System memory in use before: 69.7 MB.
System memory in use after: 69.8 MB.

Unloading 14 unused Assets to reduce memory usage. Loaded Objects now: 1964.
Total: 2.803900 ms (FindLiveObjects: 0.202100 ms CreateObjectMapping: 0.093200 ms MarkObjects: 2.414700 ms  DeleteObjects: 0.091800 ms)

========================================================================
Received Import Request.
  Time since last request: 46.808877 seconds.
  path: Assets/Scripts/Data/Editor/LevelsDatabaseEditor.cs
  artifactKey: Guid(8f4db687aff3d3b4fa8db3093a566ad8) Importer(815301076,1909f56bfc062723c751e8b465ee728b)
Start importing Assets/Scripts/Data/Editor/LevelsDatabaseEditor.cs using Guid(8f4db687aff3d3b4fa8db3093a566ad8) Importer(815301076,1909f56bfc062723c751e8b465ee728b)  -> (artifact id: '245c2a1ed1ca79abdb83eb6df6218819') in 0.064897 seconds
  Import took 0.068491 seconds .

========================================================================
Received Prepare
Registering precompiled user dll's ...
Registered in 0.025626 seconds.
Begin MonoManager ReloadAssembly
Native extension for WindowsStandalone target not found
Native extension for WebGL target not found
Refreshing native plugins compatible for Editor in 0.53 ms, found 2 plugins.
Preloading 0 native plugins for Editor in 0.00 ms.
Mono: successfully reloaded assembly
- Completed reload, in  2.067 seconds
Platform modules already initialized, skipping
Refreshing native plugins compatible for Editor in 0.56 ms, found 2 plugins.
Preloading 0 native plugins for Editor in 0.00 ms.
Unloading 1483 Unused Serialized files (Serialized files now loaded: 0)
System memory in use before: 69.7 MB.
System memory in use after: 69.8 MB.

Unloading 14 unused Assets to reduce memory usage. Loaded Objects now: 1966.
Total: 2.834600 ms (FindLiveObjects: 0.207400 ms CreateObjectMapping: 0.094800 ms MarkObjects: 2.443600 ms  DeleteObjects: 0.087200 ms)

========================================================================
Received Import Request.
  Time since last request: 20.226405 seconds.
  path: Assets/Database/LevelDatabase.asset
  artifactKey: Guid(1e7de1746a8b4ed42ae79fe19d112015) Importer(815301076,1909f56bfc062723c751e8b465ee728b)
Start importing Assets/Database/LevelDatabase.asset using Guid(1e7de1746a8b4ed42ae79fe19d112015) Importer(815301076,1909f56bfc062723c751e8b465ee728b)  -> (artifact id: 'bf502dfc955fac74961a328db2507d78') in 0.093470 seconds
  Import took 0.103131 seconds .

========================================================================
Received Prepare
Registering precompiled user dll's ...
Registered in 0.005917 seconds.
Begin MonoManager ReloadAssembly
Native extension for WindowsStandalone target not found
Native extension for WebGL target not found
Refreshing native plugins compatible for Editor in 0.53 ms, found 2 plugins.
Preloading 0 native plugins for Editor in 0.00 ms.
Mono: successfully reloaded assembly
- Completed reload, in  2.198 seconds
Platform modules already initialized, skipping
Refreshing native plugins compatible for Editor in 0.58 ms, found 2 plugins.
Preloading 0 native plugins for Editor in 0.00 ms.
Unloading 1483 Unused Serialized files (Serialized files now loaded: 0)
System memory in use before: 69.7 MB.
System memory in use after: 69.8 MB.

Unloading 14 unused Assets to reduce memory usage. Loaded Objects now: 1968.
Total: 2.935700 ms (FindLiveObjects: 0.206400 ms CreateObjectMapping: 0.091800 ms MarkObjects: 2.547800 ms  DeleteObjects: 0.087800 ms)

========================================================================
Received Prepare
Registering precompiled user dll's ...
Registered in 0.007619 seconds.
Begin MonoManager ReloadAssembly
Native extension for WindowsStandalone target not found
Native extension for WebGL target not found
Refreshing native plugins compatible for Editor in 0.54 ms, found 2 plugins.
Preloading 0 native plugins for Editor in 0.00 ms.
Mono: successfully reloaded assembly
- Completed reload, in  2.176 seconds
Platform modules already initialized, skipping
Refreshing native plugins compatible for Editor in 1.82 ms, found 2 plugins.
Preloading 0 native plugins for Editor in 0.00 ms.
Unloading 1483 Unused Serialized files (Serialized files now loaded: 0)
System memory in use before: 69.7 MB.
System memory in use after: 69.8 MB.

Unloading 14 unused Assets to reduce memory usage. Loaded Objects now: 1970.
Total: 3.557400 ms (FindLiveObjects: 0.287500 ms CreateObjectMapping: 0.133200 ms MarkObjects: 3.034900 ms  DeleteObjects: 0.098900 ms)

========================================================================
Received Prepare
Registering precompiled user dll's ...
Registered in 0.009967 seconds.
Begin MonoManager ReloadAssembly
Native extension for WindowsStandalone target not found
Native extension for WebGL target not found
Refreshing native plugins compatible for Editor in 4.13 ms, found 2 plugins.
Preloading 0 native plugins for Editor in 0.00 ms.
Mono: successfully reloaded assembly
- Completed reload, in  1.972 seconds
Platform modules already initialized, skipping
Refreshing native plugins compatible for Editor in 0.56 ms, found 2 plugins.
Preloading 0 native plugins for Editor in 0.00 ms.
Unloading 1483 Unused Serialized files (Serialized files now loaded: 0)
System memory in use before: 69.7 MB.
System memory in use after: 69.8 MB.

Unloading 14 unused Assets to reduce memory usage. Loaded Objects now: 1972.
Total: 2.932300 ms (FindLiveObjects: 0.210700 ms CreateObjectMapping: 0.095200 ms MarkObjects: 2.539500 ms  DeleteObjects: 0.085000 ms)

========================================================================
Received Prepare
Registering precompiled user dll's ...
Registered in 0.011446 seconds.
Begin MonoManager ReloadAssembly
Native extension for WindowsStandalone target not found
Native extension for WebGL target not found
Refreshing native plugins compatible for Editor in 0.57 ms, found 2 plugins.
Preloading 0 native plugins for Editor in 0.00 ms.
Mono: successfully reloaded assembly
- Completed reload, in  3.348 seconds
Platform modules already initialized, skipping
Refreshing native plugins compatible for Editor in 0.56 ms, found 2 plugins.
Preloading 0 native plugins for Editor in 0.00 ms.
Unloading 1483 Unused Serialized files (Serialized files now loaded: 0)
System memory in use before: 69.7 MB.
System memory in use after: 69.8 MB.

Unloading 14 unused Assets to reduce memory usage. Loaded Objects now: 1974.
Total: 2.954900 ms (FindLiveObjects: 0.210600 ms CreateObjectMapping: 0.093700 ms MarkObjects: 2.556700 ms  DeleteObjects: 0.092300 ms)

========================================================================
Received Import Request.
  Time since last request: 730.370671 seconds.
  path: Assets/Scripts/Game/Levels/LevelDatabase.cs
  artifactKey: Guid(23292c4b873975f4cb8d9b4a74246327) Importer(815301076,1909f56bfc062723c751e8b465ee728b)
Start importing Assets/Scripts/Game/Levels/LevelDatabase.cs using Guid(23292c4b873975f4cb8d9b4a74246327) Importer(815301076,1909f56bfc062723c751e8b465ee728b)  -> (artifact id: 'fb8aad9a155ecdc1059562023616a1db') in 0.013459 seconds
  Import took 0.022683 seconds .

========================================================================
Received Prepare
Registering precompiled user dll's ...
Registered in 0.010621 seconds.
Begin MonoManager ReloadAssembly
Native extension for WindowsStandalone target not found
Native extension for WebGL target not found
Refreshing native plugins compatible for Editor in 0.65 ms, found 2 plugins.
Preloading 0 native plugins for Editor in 0.00 ms.
Mono: successfully reloaded assembly
- Completed reload, in  2.113 seconds
Platform modules already initialized, skipping
Refreshing native plugins compatible for Editor in 0.54 ms, found 2 plugins.
Preloading 0 native plugins for Editor in 0.00 ms.
Unloading 1483 Unused Serialized files (Serialized files now loaded: 0)
System memory in use before: 69.7 MB.
System memory in use after: 69.8 MB.

Unloading 14 unused Assets to reduce memory usage. Loaded Objects now: 1976.
Total: 3.122200 ms (FindLiveObjects: 0.240100 ms CreateObjectMapping: 0.163100 ms MarkObjects: 2.623000 ms  DeleteObjects: 0.094000 ms)

========================================================================
Received Prepare
Registering precompiled user dll's ...
Registered in 0.005837 seconds.
Begin MonoManager ReloadAssembly
Native extension for WindowsStandalone target not found
Native extension for WebGL target not found
Refreshing native plugins compatible for Editor in 0.56 ms, found 2 plugins.
Preloading 0 native plugins for Editor in 0.00 ms.
Mono: successfully reloaded assembly
- Completed reload, in  2.121 seconds
Platform modules already initialized, skipping
Refreshing native plugins compatible for Editor in 0.55 ms, found 2 plugins.
Preloading 0 native plugins for Editor in 0.00 ms.
Unloading 1483 Unused Serialized files (Serialized files now loaded: 0)
System memory in use before: 69.7 MB.
System memory in use after: 69.8 MB.

Unloading 14 unused Assets to reduce memory usage. Loaded Objects now: 1978.
Total: 2.827500 ms (FindLiveObjects: 0.201800 ms CreateObjectMapping: 0.095700 ms MarkObjects: 2.440500 ms  DeleteObjects: 0.087700 ms)

========================================================================
Received Prepare
Registering precompiled user dll's ...
Registered in 0.005573 seconds.
Begin MonoManager ReloadAssembly
Native extension for WindowsStandalone target not found
Native extension for WebGL target not found
Refreshing native plugins compatible for Editor in 0.53 ms, found 2 plugins.
Preloading 0 native plugins for Editor in 0.00 ms.
Mono: successfully reloaded assembly
- Completed reload, in  1.650 seconds
Platform modules already initialized, skipping
Refreshing native plugins compatible for Editor in 0.53 ms, found 2 plugins.
Preloading 0 native plugins for Editor in 0.00 ms.
Unloading 1483 Unused Serialized files (Serialized files now loaded: 0)
System memory in use before: 69.7 MB.
System memory in use after: 69.8 MB.

Unloading 14 unused Assets to reduce memory usage. Loaded Objects now: 1980.
Total: 2.824300 ms (FindLiveObjects: 0.192900 ms CreateObjectMapping: 0.085100 ms MarkObjects: 2.460400 ms  DeleteObjects: 0.084200 ms)

========================================================================
Received Prepare
Registering precompiled user dll's ...
Registered in 0.012219 seconds.
Begin MonoManager ReloadAssembly
Native extension for WindowsStandalone target not found
Native extension for WebGL target not found
Refreshing native plugins compatible for Editor in 0.69 ms, found 2 plugins.
Preloading 0 native plugins for Editor in 0.00 ms.
Mono: successfully reloaded assembly
- Completed reload, in  2.046 seconds
Platform modules already initialized, skipping
Refreshing native plugins compatible for Editor in 0.57 ms, found 2 plugins.
Preloading 0 native plugins for Editor in 0.00 ms.
Unloading 1483 Unused Serialized files (Serialized files now loaded: 0)
System memory in use before: 69.7 MB.
System memory in use after: 69.8 MB.

Unloading 14 unused Assets to reduce memory usage. Loaded Objects now: 1982.
Total: 2.910100 ms (FindLiveObjects: 0.197600 ms CreateObjectMapping: 0.092800 ms MarkObjects: 2.530500 ms  DeleteObjects: 0.087600 ms)

========================================================================
Received Prepare
Registering precompiled user dll's ...
Registered in 0.005466 seconds.
Begin MonoManager ReloadAssembly
Native extension for WindowsStandalone target not found
Native extension for WebGL target not found
Refreshing native plugins compatible for Editor in 0.52 ms, found 2 plugins.
Preloading 0 native plugins for Editor in 0.00 ms.
Mono: successfully reloaded assembly
- Completed reload, in  1.599 seconds
Platform modules already initialized, skipping
Refreshing native plugins compatible for Editor in 0.55 ms, found 2 plugins.
Preloading 0 native plugins for Editor in 0.00 ms.
Unloading 1483 Unused Serialized files (Serialized files now loaded: 0)
System memory in use before: 69.8 MB.
System memory in use after: 69.8 MB.

Unloading 14 unused Assets to reduce memory usage. Loaded Objects now: 1984.
Total: 2.782800 ms (FindLiveObjects: 0.183400 ms CreateObjectMapping: 0.093700 ms MarkObjects: 2.413000 ms  DeleteObjects: 0.090800 ms)

========================================================================
Received Prepare
Registering precompiled user dll's ...
Registered in 0.005141 seconds.
Begin MonoManager ReloadAssembly
Native extension for WindowsStandalone target not found
Native extension for WebGL target not found
Refreshing native plugins compatible for Editor in 0.58 ms, found 2 plugins.
Preloading 0 native plugins for Editor in 0.00 ms.
Mono: successfully reloaded assembly
- Completed reload, in  1.674 seconds
Platform modules already initialized, skipping
Refreshing native plugins compatible for Editor in 0.59 ms, found 2 plugins.
Preloading 0 native plugins for Editor in 0.00 ms.
Unloading 1483 Unused Serialized files (Serialized files now loaded: 0)
System memory in use before: 69.8 MB.
System memory in use after: 69.8 MB.

Unloading 14 unused Assets to reduce memory usage. Loaded Objects now: 1986.
Total: 3.021300 ms (FindLiveObjects: 0.198000 ms CreateObjectMapping: 0.083900 ms MarkObjects: 2.612900 ms  DeleteObjects: 0.124000 ms)

========================================================================
Received Prepare
Registering precompiled user dll's ...
Registered in 0.005614 seconds.
Begin MonoManager ReloadAssembly
Native extension for WindowsStandalone target not found
Native extension for WebGL target not found
Refreshing native plugins compatible for Editor in 0.55 ms, found 2 plugins.
Preloading 0 native plugins for Editor in 0.00 ms.
Mono: successfully reloaded assembly
- Completed reload, in  1.662 seconds
Platform modules already initialized, skipping
Refreshing native plugins compatible for Editor in 0.54 ms, found 2 plugins.
Preloading 0 native plugins for Editor in 0.00 ms.
Unloading 1483 Unused Serialized files (Serialized files now loaded: 0)
System memory in use before: 69.8 MB.
System memory in use after: 69.8 MB.

Unloading 14 unused Assets to reduce memory usage. Loaded Objects now: 1988.
Total: 3.054100 ms (FindLiveObjects: 0.193500 ms CreateObjectMapping: 0.085800 ms MarkObjects: 2.657200 ms  DeleteObjects: 0.115100 ms)

========================================================================
Received Prepare
Registering precompiled user dll's ...
Registered in 0.006235 seconds.
Begin MonoManager ReloadAssembly
Native extension for WindowsStandalone target not found
Native extension for WebGL target not found
Refreshing native plugins compatible for Editor in 0.56 ms, found 2 plugins.
Preloading 0 native plugins for Editor in 0.00 ms.
Mono: successfully reloaded assembly
- Completed reload, in  1.983 seconds
Platform modules already initialized, skipping
Refreshing native plugins compatible for Editor in 0.54 ms, found 2 plugins.
Preloading 0 native plugins for Editor in 0.00 ms.
Unloading 1483 Unused Serialized files (Serialized files now loaded: 0)
System memory in use before: 69.8 MB.
System memory in use after: 69.8 MB.

Unloading 14 unused Assets to reduce memory usage. Loaded Objects now: 1990.
Total: 2.773300 ms (FindLiveObjects: 0.192300 ms CreateObjectMapping: 0.084800 ms MarkObjects: 2.400900 ms  DeleteObjects: 0.093700 ms)

========================================================================
Received Prepare
Registering precompiled user dll's ...
Registered in 0.005495 seconds.
Begin MonoManager ReloadAssembly
Native extension for WindowsStandalone target not found
Native extension for WebGL target not found
Refreshing native plugins compatible for Editor in 0.73 ms, found 2 plugins.
Preloading 0 native plugins for Editor in 0.00 ms.
Mono: successfully reloaded assembly
- Completed reload, in  2.047 seconds
Platform modules already initialized, skipping
Refreshing native plugins compatible for Editor in 0.58 ms, found 2 plugins.
Preloading 0 native plugins for Editor in 0.00 ms.
Unloading 1483 Unused Serialized files (Serialized files now loaded: 0)
System memory in use before: 69.8 MB.
System memory in use after: 69.9 MB.

Unloading 14 unused Assets to reduce memory usage. Loaded Objects now: 1992.
Total: 2.919700 ms (FindLiveObjects: 0.195000 ms CreateObjectMapping: 0.093200 ms MarkObjects: 2.544100 ms  DeleteObjects: 0.085900 ms)

========================================================================
Received Prepare
Registering precompiled user dll's ...
Registered in 0.005501 seconds.
Begin MonoManager ReloadAssembly
Native extension for WindowsStandalone target not found
Native extension for WebGL target not found
Refreshing native plugins compatible for Editor in 0.53 ms, found 2 plugins.
Preloading 0 native plugins for Editor in 0.00 ms.
Mono: successfully reloaded assembly
- Completed reload, in  1.986 seconds
Platform modules already initialized, skipping
Refreshing native plugins compatible for Editor in 0.58 ms, found 2 plugins.
Preloading 0 native plugins for Editor in 0.00 ms.
Unloading 1483 Unused Serialized files (Serialized files now loaded: 0)
System memory in use before: 69.8 MB.
System memory in use after: 69.9 MB.

Unloading 14 unused Assets to reduce memory usage. Loaded Objects now: 1994.
Total: 3.300700 ms (FindLiveObjects: 0.273100 ms CreateObjectMapping: 0.095900 ms MarkObjects: 2.813600 ms  DeleteObjects: 0.115600 ms)

========================================================================
Received Prepare
Registering precompiled user dll's ...
Registered in 0.005381 seconds.
Begin MonoManager ReloadAssembly
Native extension for WindowsStandalone target not found
Native extension for WebGL target not found
Refreshing native plugins compatible for Editor in 0.52 ms, found 2 plugins.
Preloading 0 native plugins for Editor in 0.00 ms.
Mono: successfully reloaded assembly
- Completed reload, in  1.708 seconds
Platform modules already initialized, skipping
Refreshing native plugins compatible for Editor in 0.54 ms, found 2 plugins.
Preloading 0 native plugins for Editor in 0.00 ms.
Unloading 1483 Unused Serialized files (Serialized files now loaded: 0)
System memory in use before: 69.8 MB.
System memory in use after: 69.9 MB.

Unloading 14 unused Assets to reduce memory usage. Loaded Objects now: 1996.
Total: 2.813400 ms (FindLiveObjects: 0.186100 ms CreateObjectMapping: 0.096300 ms MarkObjects: 2.441400 ms  DeleteObjects: 0.087900 ms)

========================================================================
Received Prepare
Registering precompiled user dll's ...
Registered in 0.007386 seconds.
Begin MonoManager ReloadAssembly
Native extension for WindowsStandalone target not found
Native extension for WebGL target not found
Refreshing native plugins compatible for Editor in 0.57 ms, found 2 plugins.
Preloading 0 native plugins for Editor in 0.00 ms.
Mono: successfully reloaded assembly
- Completed reload, in  1.929 seconds
Platform modules already initialized, skipping
Refreshing native plugins compatible for Editor in 0.57 ms, found 2 plugins.
Preloading 0 native plugins for Editor in 0.00 ms.
Unloading 1483 Unused Serialized files (Serialized files now loaded: 0)
System memory in use before: 69.8 MB.
System memory in use after: 69.9 MB.

Unloading 14 unused Assets to reduce memory usage. Loaded Objects now: 1998.
Total: 2.975400 ms (FindLiveObjects: 0.232100 ms CreateObjectMapping: 0.095000 ms MarkObjects: 2.551700 ms  DeleteObjects: 0.094700 ms)

========================================================================
Received Prepare
Registering precompiled user dll's ...
Registered in 0.006963 seconds.
Begin MonoManager ReloadAssembly
Native extension for WindowsStandalone target not found
Native extension for WebGL target not found
Refreshing native plugins compatible for Editor in 0.56 ms, found 2 plugins.
Preloading 0 native plugins for Editor in 0.00 ms.
Mono: successfully reloaded assembly
- Completed reload, in  1.728 seconds
Platform modules already initialized, skipping
Refreshing native plugins compatible for Editor in 0.55 ms, found 2 plugins.
Preloading 0 native plugins for Editor in 0.00 ms.
Unloading 1483 Unused Serialized files (Serialized files now loaded: 0)
System memory in use before: 69.8 MB.
System memory in use after: 69.9 MB.

Unloading 14 unused Assets to reduce memory usage. Loaded Objects now: 2000.
Total: 2.949700 ms (FindLiveObjects: 0.204600 ms CreateObjectMapping: 0.093900 ms MarkObjects: 2.562100 ms  DeleteObjects: 0.087400 ms)

========================================================================
Received Prepare
Registering precompiled user dll's ...
Registered in 0.005554 seconds.
Begin MonoManager ReloadAssembly
Native extension for WindowsStandalone target not found
Native extension for WebGL target not found
Refreshing native plugins compatible for Editor in 0.57 ms, found 2 plugins.
Preloading 0 native plugins for Editor in 0.00 ms.
Mono: successfully reloaded assembly
- Completed reload, in  1.716 seconds
Platform modules already initialized, skipping
Refreshing native plugins compatible for Editor in 0.55 ms, found 2 plugins.
Preloading 0 native plugins for Editor in 0.00 ms.
Unloading 1483 Unused Serialized files (Serialized files now loaded: 0)
System memory in use before: 69.8 MB.
System memory in use after: 69.9 MB.

Unloading 14 unused Assets to reduce memory usage. Loaded Objects now: 2002.
Total: 3.011200 ms (FindLiveObjects: 0.208300 ms CreateObjectMapping: 0.093000 ms MarkObjects: 2.617200 ms  DeleteObjects: 0.090900 ms)

========================================================================
Received Import Request.
  Time since last request: 3356.135716 seconds.
  path: Assets/Database/NewBehaviourScript.cs
  artifactKey: Guid(e395990ec1a1c1146abfa3996ba90aa2) Importer(815301076,1909f56bfc062723c751e8b465ee728b)
Start importing Assets/Database/NewBehaviourScript.cs using Guid(e395990ec1a1c1146abfa3996ba90aa2) Importer(815301076,1909f56bfc062723c751e8b465ee728b)  -> (artifact id: '3707cb48eb8883c3861d9be67c26aee8') in 0.009158 seconds
  Import took 0.015526 seconds .

========================================================================
Received Prepare
Registering precompiled user dll's ...
Registered in 0.006656 seconds.
Begin MonoManager ReloadAssembly
Native extension for WindowsStandalone target not found
Native extension for WebGL target not found
Refreshing native plugins compatible for Editor in 0.60 ms, found 2 plugins.
Preloading 0 native plugins for Editor in 0.00 ms.
Mono: successfully reloaded assembly
- Completed reload, in  2.087 seconds
Platform modules already initialized, skipping
Refreshing native plugins compatible for Editor in 0.52 ms, found 2 plugins.
Preloading 0 native plugins for Editor in 0.00 ms.
Unloading 1483 Unused Serialized files (Serialized files now loaded: 0)
System memory in use before: 69.8 MB.
System memory in use after: 69.9 MB.

Unloading 14 unused Assets to reduce memory usage. Loaded Objects now: 2004.
Total: 3.821700 ms (FindLiveObjects: 0.201200 ms CreateObjectMapping: 0.093600 ms MarkObjects: 3.429300 ms  DeleteObjects: 0.095500 ms)

========================================================================
Received Import Request.
  Time since last request: 98.201207 seconds.
  path: Assets/Database/LevelDatabase.asset
  artifactKey: Guid(1e7de1746a8b4ed42ae79fe19d112015) Importer(815301076,1909f56bfc062723c751e8b465ee728b)
Start importing Assets/Database/LevelDatabase.asset using Guid(1e7de1746a8b4ed42ae79fe19d112015) Importer(815301076,1909f56bfc062723c751e8b465ee728b)  -> (artifact id: '724d3051c6496f2f78f73dee93b9f0b2') in 0.216979 seconds
  Import took 0.220539 seconds .

========================================================================
Received Prepare
Registering precompiled user dll's ...
Registered in 0.005579 seconds.
Begin MonoManager ReloadAssembly
Native extension for WindowsStandalone target not found
Native extension for WebGL target not found
Refreshing native plugins compatible for Editor in 0.56 ms, found 2 plugins.
Preloading 0 native plugins for Editor in 0.00 ms.
Mono: successfully reloaded assembly
- Completed reload, in  1.990 seconds
Platform modules already initialized, skipping
Refreshing native plugins compatible for Editor in 0.55 ms, found 2 plugins.
Preloading 0 native plugins for Editor in 0.00 ms.
Unloading 1483 Unused Serialized files (Serialized files now loaded: 0)
System memory in use before: 69.8 MB.
System memory in use after: 69.9 MB.

Unloading 14 unused Assets to reduce memory usage. Loaded Objects now: 2006.
Total: 3.068100 ms (FindLiveObjects: 0.205500 ms CreateObjectMapping: 0.095500 ms MarkObjects: 2.676100 ms  DeleteObjects: 0.089100 ms)

========================================================================
Received Prepare
Registering precompiled user dll's ...
Registered in 0.005692 seconds.
Begin MonoManager ReloadAssembly
Native extension for WindowsStandalone target not found
Native extension for WebGL target not found
Refreshing native plugins compatible for Editor in 0.53 ms, found 2 plugins.
Preloading 0 native plugins for Editor in 0.00 ms.
Mono: successfully reloaded assembly
- Completed reload, in  1.632 seconds
Platform modules already initialized, skipping
Refreshing native plugins compatible for Editor in 0.52 ms, found 2 plugins.
Preloading 0 native plugins for Editor in 0.00 ms.
Unloading 1483 Unused Serialized files (Serialized files now loaded: 0)
System memory in use before: 69.8 MB.
System memory in use after: 69.9 MB.

Unloading 14 unused Assets to reduce memory usage. Loaded Objects now: 2008.
Total: 3.015000 ms (FindLiveObjects: 0.199200 ms CreateObjectMapping: 0.084500 ms MarkObjects: 2.643600 ms  DeleteObjects: 0.085200 ms)

========================================================================
Received Prepare
Registering precompiled user dll's ...
Registered in 0.005340 seconds.
Begin MonoManager ReloadAssembly
Native extension for WindowsStandalone target not found
Native extension for WebGL target not found
Refreshing native plugins compatible for Editor in 0.63 ms, found 2 plugins.
Preloading 0 native plugins for Editor in 0.00 ms.
Mono: successfully reloaded assembly
- Completed reload, in  1.708 seconds
Platform modules already initialized, skipping
Refreshing native plugins compatible for Editor in 0.54 ms, found 2 plugins.
Preloading 0 native plugins for Editor in 0.00 ms.
Unloading 1483 Unused Serialized files (Serialized files now loaded: 0)
System memory in use before: 69.8 MB.
System memory in use after: 69.9 MB.

Unloading 14 unused Assets to reduce memory usage. Loaded Objects now: 2010.
Total: 3.132000 ms (FindLiveObjects: 0.204000 ms CreateObjectMapping: 0.084900 ms MarkObjects: 2.731200 ms  DeleteObjects: 0.109500 ms)

========================================================================
Received Prepare
Registering precompiled user dll's ...
Registered in 0.032997 seconds.
Begin MonoManager ReloadAssembly
Native extension for WindowsStandalone target not found
Native extension for WebGL target not found
Refreshing native plugins compatible for Editor in 0.62 ms, found 2 plugins.
Preloading 0 native plugins for Editor in 0.00 ms.
Mono: successfully reloaded assembly
- Completed reload, in  1.891 seconds
Platform modules already initialized, skipping
Refreshing native plugins compatible for Editor in 0.55 ms, found 2 plugins.
Preloading 0 native plugins for Editor in 0.00 ms.
Unloading 1483 Unused Serialized files (Serialized files now loaded: 0)
System memory in use before: 69.8 MB.
System memory in use after: 69.9 MB.

Unloading 14 unused Assets to reduce memory usage. Loaded Objects now: 2012.
Total: 2.977000 ms (FindLiveObjects: 0.215700 ms CreateObjectMapping: 0.093400 ms MarkObjects: 2.582100 ms  DeleteObjects: 0.084000 ms)

AssetImportWorkerClient::OnTransportError - code=2 error=End of file
